C:\USERS\KAIWEN\DROPBOX\VISUAL STUDIO 2012\TASKYV0.1\TASKYV0.1\TASKYV0.1\DEBUG\UI.OBJ
C:\USERS\KAIWEN\DROPBOX\VISUAL STUDIO 2012\TASKYV0.1\TASKYV0.1\TASKYV0.1\DEBUG\INTERPRETER.OBJ
C:\USERS\KAIWEN\DROPBOX\VISUAL STUDIO 2012\TASKYV0.1\TASKYV0.1\TASKYV0.1\DEBUG\VC110.PDB
C:\USERS\KAIWEN\DROPBOX\VISUAL STUDIO 2012\TASKYV0.1\TASKYV0.1\TASKYV0.1\DEBUG\.NETFRAMEWORK,VERSION=V4.0.ASSEMBLYATTRIBUTES.OBJ
C:\USERS\KAIWEN\DROPBOX\VISUAL STUDIO 2012\TASKYV0.1\TASKYV0.1\TASKYV0.1\DEBUG\TASK.OBJ
C:\USERS\KAIWEN\DROPBOX\VISUAL STUDIO 2012\TASKYV0.1\TASKYV0.1\TASKYV0.1\DEBUG\LOGIC.OBJ
C:\USERS\KAIWEN\DROPBOX\VISUAL STUDIO 2012\TASKYV0.1\TASKYV0.1\TASKYV0.1\DEBUG\HISTORY.OBJ
C:\USERS\KAIWEN\DROPBOX\VISUAL STUDIO 2012\TASKYV0.1\TASKYV0.1\TASKYV0.1\DEBUG\FILEPROCESSING.OBJ
C:\USERS\KAIWEN\DROPBOX\VISUAL STUDIO 2012\TASKYV0.1\TASKYV0.1\TASKYV0.1\DEBUG\MAIN.OBJ
C:\USERS\KAIWEN\DROPBOX\VISUAL STUDIO 2012\TASKYV0.1\TASKYV0.1\TASKYV0.1\DEBUG\PROCESSOR.OBJ
C:\USERS\KAIWEN\DROPBOX\VISUAL STUDIO 2012\TASKYV0.1\TASKYV0.1\DEBUG\TASKYV0.1.ILK
C:\USERS\KAIWEN\DROPBOX\VISUAL STUDIO 2012\TASKYV0.1\TASKYV0.1\DEBUG\TASKYV0.1.EXE
C:\USERS\KAIWEN\DROPBOX\VISUAL STUDIO 2012\TASKYV0.1\TASKYV0.1\DEBUG\TASKYV0.1.PDB
C:\Users\Kaiwen\Dropbox\Visual Studio 2012\TaskyV0.1\TaskyV0.1\TaskyV0.1\Debug\TaskyV0.1.vcxprojResolveAssemblyReference.cache
C:\Users\Kaiwen\Dropbox\Visual Studio 2012\TaskyV0.1\TaskyV0.1\TaskyV0.1\Debug\.NETFramework,Version=v4.0.AssemblyAttributes.obj
C:\Users\Kaiwen\Dropbox\Visual Studio 2012\TaskyV0.1\TaskyV0.1\TaskyV0.1\Debug\FileProcessing.obj
C:\Users\Kaiwen\Dropbox\Visual Studio 2012\TaskyV0.1\TaskyV0.1\TaskyV0.1\Debug\History.obj
C:\Users\Kaiwen\Dropbox\Visual Studio 2012\TaskyV0.1\TaskyV0.1\TaskyV0.1\Debug\Interpreter.obj
C:\Users\Kaiwen\Dropbox\Visual Studio 2012\TaskyV0.1\TaskyV0.1\TaskyV0.1\Debug\Logic.obj
C:\Users\Kaiwen\Dropbox\Visual Studio 2012\TaskyV0.1\TaskyV0.1\TaskyV0.1\Debug\Main.obj
C:\Users\Kaiwen\Dropbox\Visual Studio 2012\TaskyV0.1\TaskyV0.1\TaskyV0.1\Debug\Processor.obj
C:\Users\Kaiwen\Dropbox\Visual Studio 2012\TaskyV0.1\TaskyV0.1\TaskyV0.1\Debug\Task.obj
C:\Users\Kaiwen\Dropbox\Visual Studio 2012\TaskyV0.1\TaskyV0.1\TaskyV0.1\Debug\UI.obj
C:\Users\Kaiwen\Dropbox\Visual Studio 2012\TaskyV0.1\TaskyV0.1\TaskyV0.1\Debug\cl.command.1.tlog
C:\Users\Kaiwen\Dropbox\Visual Studio 2012\TaskyV0.1\TaskyV0.1\TaskyV0.1\Debug\CL.read.1.tlog
C:\Users\Kaiwen\Dropbox\Visual Studio 2012\TaskyV0.1\TaskyV0.1\TaskyV0.1\Debug\CL.write.1.tlog
C:\Users\Kaiwen\Dropbox\Visual Studio 2012\TaskyV0.1\TaskyV0.1\TaskyV0.1\Debug\link.1116-cvtres.read.1.tlog
C:\Users\Kaiwen\Dropbox\Visual Studio 2012\TaskyV0.1\TaskyV0.1\TaskyV0.1\Debug\link.1116-cvtres.write.1.tlog
C:\Users\Kaiwen\Dropbox\Visual Studio 2012\TaskyV0.1\TaskyV0.1\TaskyV0.1\Debug\link.1116-rc.read.1.tlog
C:\Users\Kaiwen\Dropbox\Visual Studio 2012\TaskyV0.1\TaskyV0.1\TaskyV0.1\Debug\link.1116-rc.write.1.tlog
C:\Users\Kaiwen\Dropbox\Visual Studio 2012\TaskyV0.1\TaskyV0.1\TaskyV0.1\Debug\link.1116.read.1.tlog
C:\Users\Kaiwen\Dropbox\Visual Studio 2012\TaskyV0.1\TaskyV0.1\TaskyV0.1\Debug\link.1116.write.1.tlog
C:\Users\Kaiwen\Dropbox\Visual Studio 2012\TaskyV0.1\TaskyV0.1\TaskyV0.1\Debug\link.6972-cvtres.read.1.tlog
C:\Users\Kaiwen\Dropbox\Visual Studio 2012\TaskyV0.1\TaskyV0.1\TaskyV0.1\Debug\link.6972-cvtres.write.1.tlog
C:\Users\Kaiwen\Dropbox\Visual Studio 2012\TaskyV0.1\TaskyV0.1\TaskyV0.1\Debug\link.6972-rc.read.1.tlog
C:\Users\Kaiwen\Dropbox\Visual Studio 2012\TaskyV0.1\TaskyV0.1\TaskyV0.1\Debug\link.6972-rc.write.1.tlog
C:\Users\Kaiwen\Dropbox\Visual Studio 2012\TaskyV0.1\TaskyV0.1\TaskyV0.1\Debug\link.6972.read.1.tlog
C:\Users\Kaiwen\Dropbox\Visual Studio 2012\TaskyV0.1\TaskyV0.1\TaskyV0.1\Debug\link.6972.write.1.tlog
C:\Users\Kaiwen\Dropbox\Visual Studio 2012\TaskyV0.1\TaskyV0.1\TaskyV0.1\Debug\link.7328-cvtres.read.1.tlog
C:\Users\Kaiwen\Dropbox\Visual Studio 2012\TaskyV0.1\TaskyV0.1\TaskyV0.1\Debug\link.7328-cvtres.write.1.tlog
C:\Users\Kaiwen\Dropbox\Visual Studio 2012\TaskyV0.1\TaskyV0.1\TaskyV0.1\Debug\link.7328-rc.read.1.tlog
C:\Users\Kaiwen\Dropbox\Visual Studio 2012\TaskyV0.1\TaskyV0.1\TaskyV0.1\Debug\link.7328-rc.write.1.tlog
C:\Users\Kaiwen\Dropbox\Visual Studio 2012\TaskyV0.1\TaskyV0.1\TaskyV0.1\Debug\link.7328.read.1.tlog
C:\Users\Kaiwen\Dropbox\Visual Studio 2012\TaskyV0.1\TaskyV0.1\TaskyV0.1\Debug\link.7328.write.1.tlog
C:\Users\Kaiwen\Dropbox\Visual Studio 2012\TaskyV0.1\TaskyV0.1\TaskyV0.1\Debug\link.7956-cvtres.read.1.tlog
C:\Users\Kaiwen\Dropbox\Visual Studio 2012\TaskyV0.1\TaskyV0.1\TaskyV0.1\Debug\link.7956-cvtres.write.1.tlog
C:\Users\Kaiwen\Dropbox\Visual Studio 2012\TaskyV0.1\TaskyV0.1\TaskyV0.1\Debug\link.7956-rc.read.1.tlog
C:\Users\Kaiwen\Dropbox\Visual Studio 2012\TaskyV0.1\TaskyV0.1\TaskyV0.1\Debug\link.7956-rc.write.1.tlog
C:\Users\Kaiwen\Dropbox\Visual Studio 2012\TaskyV0.1\TaskyV0.1\TaskyV0.1\Debug\link.7956.read.1.tlog
C:\Users\Kaiwen\Dropbox\Visual Studio 2012\TaskyV0.1\TaskyV0.1\TaskyV0.1\Debug\link.7956.write.1.tlog
C:\Users\Kaiwen\Dropbox\Visual Studio 2012\TaskyV0.1\TaskyV0.1\TaskyV0.1\Debug\link.8436-cvtres.read.1.tlog
C:\Users\Kaiwen\Dropbox\Visual Studio 2012\TaskyV0.1\TaskyV0.1\TaskyV0.1\Debug\link.8436-cvtres.write.1.tlog
C:\Users\Kaiwen\Dropbox\Visual Studio 2012\TaskyV0.1\TaskyV0.1\TaskyV0.1\Debug\link.8436-rc.read.1.tlog
C:\Users\Kaiwen\Dropbox\Visual Studio 2012\TaskyV0.1\TaskyV0.1\TaskyV0.1\Debug\link.8436-rc.write.1.tlog
C:\Users\Kaiwen\Dropbox\Visual Studio 2012\TaskyV0.1\TaskyV0.1\TaskyV0.1\Debug\link.8436.read.1.tlog
C:\Users\Kaiwen\Dropbox\Visual Studio 2012\TaskyV0.1\TaskyV0.1\TaskyV0.1\Debug\link.8436.write.1.tlog
C:\Users\Kaiwen\Dropbox\Visual Studio 2012\TaskyV0.1\TaskyV0.1\TaskyV0.1\Debug\link.8572-cvtres.read.1.tlog
C:\Users\Kaiwen\Dropbox\Visual Studio 2012\TaskyV0.1\TaskyV0.1\TaskyV0.1\Debug\link.8572-cvtres.write.1.tlog
C:\Users\Kaiwen\Dropbox\Visual Studio 2012\TaskyV0.1\TaskyV0.1\TaskyV0.1\Debug\link.8572-rc.read.1.tlog
C:\Users\Kaiwen\Dropbox\Visual Studio 2012\TaskyV0.1\TaskyV0.1\TaskyV0.1\Debug\link.8572-rc.write.1.tlog
C:\Users\Kaiwen\Dropbox\Visual Studio 2012\TaskyV0.1\TaskyV0.1\TaskyV0.1\Debug\link.8572.read.1.tlog
C:\Users\Kaiwen\Dropbox\Visual Studio 2012\TaskyV0.1\TaskyV0.1\TaskyV0.1\Debug\link.8572.write.1.tlog
C:\Users\Kaiwen\Dropbox\Visual Studio 2012\TaskyV0.1\TaskyV0.1\TaskyV0.1\Debug\link.8856-cvtres.read.1.tlog
C:\Users\Kaiwen\Dropbox\Visual Studio 2012\TaskyV0.1\TaskyV0.1\TaskyV0.1\Debug\link.8856-cvtres.write.1.tlog
C:\Users\Kaiwen\Dropbox\Visual Studio 2012\TaskyV0.1\TaskyV0.1\TaskyV0.1\Debug\link.8856-rc.read.1.tlog
C:\Users\Kaiwen\Dropbox\Visual Studio 2012\TaskyV0.1\TaskyV0.1\TaskyV0.1\Debug\link.8856-rc.write.1.tlog
C:\Users\Kaiwen\Dropbox\Visual Studio 2012\TaskyV0.1\TaskyV0.1\TaskyV0.1\Debug\link.8856.read.1.tlog
C:\Users\Kaiwen\Dropbox\Visual Studio 2012\TaskyV0.1\TaskyV0.1\TaskyV0.1\Debug\link.8856.write.1.tlog
C:\Users\Kaiwen\Dropbox\Visual Studio 2012\TaskyV0.1\TaskyV0.1\TaskyV0.1\Debug\link.command.1.tlog
C:\Users\Kaiwen\Dropbox\Visual Studio 2012\TaskyV0.1\TaskyV0.1\TaskyV0.1\Debug\link.read.1.tlog
C:\Users\Kaiwen\Dropbox\Visual Studio 2012\TaskyV0.1\TaskyV0.1\TaskyV0.1\Debug\link.write.1.tlog
C:\Users\Kaiwen\Dropbox\Visual Studio 2012\TaskyV0.1\TaskyV0.1\TaskyV0.1\Debug\metagen.read.1.tlog
C:\Users\Kaiwen\Dropbox\Visual Studio 2012\TaskyV0.1\TaskyV0.1\TaskyV0.1\Debug\metagen.write.1.tlog
C:\Users\Kaiwen\Dropbox\Visual Studio 2012\TaskyV0.1\TaskyV0.1\TaskyV0.1\Debug\vc110.pdb
C:\Users\Kaiwen\Dropbox\Visual Studio 2012\TaskyV0.1\TaskyV0.1\TaskyV0.1\Debug\RSAENH.DLL.bi
C:\Users\Kaiwen\Dropbox\Visual Studio 2012\TaskyV0.1\TaskyV0.1\TaskyV0.1\Debug\TZRES.DLL.bi
C:\Users\Kaiwen\Dropbox\Visual Studio 2012\TaskyV0.1\TaskyV0.1\Debug\TaskyV0.1.pdb
C:\Users\Kaiwen\Dropbox\Visual Studio 2012\TaskyV0.1\TaskyV0.1\Debug\TaskyV0.1.exe
C:\Users\Kaiwen\Dropbox\Visual Studio 2012\TaskyV0.1\TaskyV0.1\Debug\TaskyV0.1.ilk
